• toyota: 45 candidate models
    · 77kwh awd executive                        BEV  1,980 kg (4,365 lb)
    · 77kwh first edition                        BEV  1,840 kg (4,057 lb)
    · 57 7kwh dynamic limited edition            BEV  1,745 kg (3,847 lb)
    · touring executive awd                      ICE  2,020 kg (4,453 lb)
    · touring dynamic awd                        ICE  2,010 kg (4,431 lb)
    · touring dynamic                            ICE  1,900 kg (4,189 lb)
    · hybrid 180 executive                       ICE  1,440 kg (3,175 lb)
    · hybrid 180 gr sport                        ICE  1,445 kg (3,186 lb)
    · hybrid 180 dynamic                         ICE  1,440 kg (3,175 lb)
    · 2 4 premium 105771                         ICE  1,289 kg (2,842 lb)
    · 2 4 premium 105770                         ICE  1,268 kg (2,795 lb)
    · 2 4 pure                                   ICE  1,268 kg (2,795 lb)
    · 2 5 hybrid awd premium                     ICE  2,025 kg (4,464 lb)
    · 2 5 hybrid awd business plus               ICE  2,025 kg (4,464 lb)
    · 2 5 hybrid awd executive                   ICE  2,025 kg (4,464 lb)
    · 1 5 hybrid 130 launch edition              ICE  1,195 kg (2,635 lb)
    · 1 5 hybrid 130 gr sport                    ICE  1,195 kg (2,635 lb)
    · 1 5 hybrid 130 executive                   ICE  1,195 kg (2,635 lb)
    · verso long 50kwh dynamic                   BEV  1,713 kg (3,777 lb)
    · verso long 50kwh active                    BEV  1,713 kg (3,777 lb)
    · verso long 50kwh navigator                 BEV  1,713 kg (3,777 lb)
    · launch edition                             ICE  1,895 kg (4,178 lb)
    · prestige                                   ICE  1,895 kg (4,178 lb)
    · executive                                  ICE  1,895 kg (4,178 lb)
    · plug in hybrid 220 gr sport premiere editi PHEV 1,635 kg (3,605 lb)
    · plug in hybrid 220 premium                 PHEV 1,625 kg (3,583 lb)
    · plug in hybrid 220 premiere edition        PHEV 1,625 kg (3,583 lb)
    · long worker extra range cool 106123        BEV  1,877 kg (4,138 lb)
    · long worker extra range cool 102291        BEV  1,877 kg (4,138 lb)
    · long worker standard range live            BEV  1,877 kg (4,138 lb)
    · electric 59 2kwh professional              BEV  2,395 kg (5,280 lb)
    · electric 59 2kwh challenger                BEV  2,395 kg (5,280 lb)
    · 61kwh executive awd                        BEV  1,835 kg (4,045 lb)
    · 61kwh executive                            BEV  1,735 kg (3,825 lb)
    · 61kwh dynamic                              BEV  1,735 kg (3,825 lb)
    · x hybrid 115 gr sport                      ICE  1,040 kg (2,293 lb)
    · x hybrid 115 envy                          ICE  1,040 kg (2,293 lb)
    · x hybrid 115 pulse                         ICE  1,025 kg (2,260 lb)
    · 2 0 plug in hybrid 220 solar edition       PHEV 1,530 kg (3,373 lb)
    · 2 0 plug in hybrid 220 executive           PHEV 1,530 kg (3,373 lb)
    · 2 0 plug in hybrid 220 dynamic             PHEV 1,520 kg (3,351 lb)
    · plug in hybrid 300 awd executive           PHEV 2,035 kg (4,486 lb)
    · plug in hybrid 300 awd gr sport            PHEV 2,035 kg (4,486 lb)
    · plug in hybrid 300 awd first edition       PHEV 2,035 kg (4,486 lb)
    · gr yaris 1 6 turbo performance             ICE  1,255 kg (2,767 lb)
    · gr yaris 1 6 turbo premium                 ICE  1,255 kg (2,767 lb)
    · 3 0i 24v linea sol                         ICE  1,475 kg (3,252 lb)
    · 3 0i 24v linea luna                        ICE  1,475 kg (3,252 lb)
    · 2 4 16v vvt i linea sol 24904              ICE  1,390 kg (3,064 lb)
    · gr 3 0 gt4 100th edition                   ICE  1,477 kg (3,256 lb)
    · gr 3 0 legend premium special edition      ICE  1,477 kg (3,256 lb)
    · gr 3 0 legend premium 106405               ICE  1,477 kg (3,256 lb)
    · touring sports hybrid 200 premium          ICE  1,345 kg (2,965 lb)
    · touring sports hybrid 200 business gr spor ICE  1,345 kg (2,965 lb)
    · touring sports hybrid 200 gr sport plus    ICE  1,345 kg (2,965 lb)
    · 250 2 8 d 4d hybrid professional 7p        ICE  2,425 kg (5,346 lb)
    · 250 2 8 d 4d hybrid professional           ICE  2,390 kg (5,269 lb)
    · 250 2 8 d 4d hybrid navigator              ICE  2,390 kg (5,269 lb)
  = toyota: 20 current models, 58 variants, 25 skipped(old), 0 errors
• suzuki: 23 candidate models
    · 61kwh style allgrip e                      BEV  1,813 kg (3,997 lb)
    · 61kwh select allgrip e                     BEV  1,813 kg (3,997 lb)
    · 61kwh style                                BEV  1,735 kg (3,825 lb)
    · 1 8 hybrid style                           ICE  1,375 kg (3,031 lb)
    · 1 8 hybrid select                          ICE  1,375 kg (3,031 lb)
    · 2 5 plug in hybrid style                   PHEV 1,915 kg (4,222 lb)
    · 2 5 plug in hybrid style business          PHEV 1,915 kg (4,222 lb)
    · 1 4 boosterjet smart hybrid allgrip style  ICE  1,285 kg (2,833 lb)
    · 1 4 boosterjet smart hybrid allgrip style  ICE  1,260 kg (2,778 lb)
    · 1 4 boosterjet smart hybrid allgrip select ICE  1,285 kg (2,833 lb)
    · 1 9 diesel 4grip exclusive                 ICE  1,300 kg (2,866 lb)
    · 1 9 diesel 4grip comfort                   ICE  1,300 kg (2,866 lb)
    · 1 9 diesel exclusive                       ICE  1,240 kg (2,734 lb)
    · 1 2 allgrip smart hybrid style             ICE  885 kg (1,951 lb)
    · 1 2 smart hybrid style 100293              ICE  865 kg (1,907 lb)
    · 1 2 smart hybrid style 100292              ICE  835 kg (1,841 lb)
    · 2 5 v6 17500                               ICE  —
    · 2 5 v6 17499                               ICE  —
    · 2 0 17498                                  ICE  —
    · 1 5 stijl                                  ICE  1,065 kg (2,348 lb)
    · 1 5 select                                 ICE  1,065 kg (2,348 lb)
    · 1 5 comfort                                ICE  —
    · 1 4 allgrip s boosterjet 85801             ICE  1,210 kg (2,668 lb)
    · 1 4 allgrip s boosterjet 85800             ICE  1,185 kg (2,612 lb)
    · 1 4 s boosterjet 85799                     ICE  —
    · 1 4 boosterjet sport katana                ICE  945 kg (2,083 lb)
    · 1 4 boosterjet sport                       ICE  945 kg (2,083 lb)
    · 1 4 boosterjet smart hybrid sport          ICE  995 kg (2,194 lb)
  = suzuki: 10 current models, 28 variants, 13 skipped(old), 0 errors
• skoda: 17 candidate models
    · 85x 250kw rs                               BEV  2,129 kg (4,694 lb)
    · 85 210kw sportline                         BEV  2,044 kg (4,506 lb)
    · 85 210kw business edition tour             BEV  2,044 kg (4,506 lb)
    · 85x 250kw rs                               BEV  2,136 kg (4,709 lb)
    · 85 210kw sportline                         BEV  2,041 kg (4,500 lb)
    · 85 210kw business edition                  BEV  2,041 kg (4,500 lb)
    · 1 0 tsi 115hp greentech monte carlo 108208 ICE  1,233 kg (2,718 lb)
    · 1 0 tsi 115hp greentech business edition 1 ICE  1,254 kg (2,765 lb)
    · 1 0 tsi 115hp greentech business edition 1 ICE  1,233 kg (2,718 lb)
    · 1 0 tsi 115hp greentech monte carlo 108200 ICE  1,195 kg (2,635 lb)
    · 1 0 tsi 115hp greentech monte carlo 108199 ICE  1,174 kg (2,588 lb)
    · 1 0 tsi 115hp greentech business edition 1 ICE  1,195 kg (2,635 lb)
    · 1 5 tsi act greentech sportline business 1 ICE  1,305 kg (2,877 lb)
    · 1 5 tsi act greentech sportline business 1 ICE  1,299 kg (2,864 lb)
    · 1 5 tsi act greentech business edition plu ICE  1,305 kg (2,877 lb)
    · 1 5 tsi iv phev sportline business         PHEV 1,916 kg (4,224 lb)
    · 1 5 tsi iv phev tour edition               PHEV 1,916 kg (4,224 lb)
    · 1 5 tsi iv phev business edition plus      PHEV 1,916 kg (4,224 lb)
    · e iv style                                 PHEV 1,235 kg (2,723 lb)
    · e iv ambition                              PHEV 1,235 kg (2,723 lb)
    · 1 5 tsi iv phev 272hp sportline business   PHEV 1,788 kg (3,942 lb)
    · 1 5 tsi iv phev sportline business         PHEV 1,749 kg (3,856 lb)
    · 1 5 tsi iv phev business edition           PHEV 1,749 kg (3,856 lb)
    · 1 0 tsi 85kw greentech monte carlo         ICE  1,095 kg (2,414 lb)
    · 1 0 tsi 85kw greentech business edition    ICE  1,095 kg (2,414 lb)
    · 1 0 tsi 85kw greentech selection           ICE  1,095 kg (2,414 lb)
    · combi 1 5 tsi first edition                ICE  1,285 kg (2,833 lb)
    · combi 1 4 tsi iv phev rs business          PHEV 1,607 kg (3,543 lb)
    · combi 1 4 tsi iv phev sportline business   PHEV 1,520 kg (3,351 lb)
  = skoda: 10 current models, 29 variants, 7 skipped(old), 0 errors
• volkswagen: 40 candidate models
    · 1 5 ehybrid 272hp r line edition           PHEV 1,848 kg (4,074 lb)
    · 1 5 ehybrid 272hp r line                   PHEV 1,848 kg (4,074 lb)
    · 1 5 ehybrid 204hp r line edition           PHEV 1,839 kg (4,054 lb)
    · tourer 86kwh 340hp gtx business            BEV  2,239 kg (4,936 lb)
    · tourer 86kwh 340hp gtx limited edition     BEV  2,239 kg (4,936 lb)
    · tourer 86kwh 340hp gtx                     BEV  2,239 kg (4,936 lb)
    · 77kwh 340hp 4motion gtx business           BEV  —
    · 77kwh 340hp 4motion gtx                    BEV  —
    · 77kwh 299hp 4motion gtx advantage          BEV  —
    · cargo                                      BEV  2,253 kg (4,967 lb)
    · 1 5 tsi 150hp r line edition               ICE  1,192 kg (2,628 lb)
    · 1 5 tsi 150hp r line business              ICE  1,192 kg (2,628 lb)
    · 1 5 tsi 150hp r line                       ICE  1,192 kg (2,628 lb)
    · 79kwh 326hp gtx limited edition            BEV  1,925 kg (4,244 lb)
    · 79kwh 326hp gtx performance                BEV  1,925 kg (4,244 lb)
    · 79kwh 204hp pro s business                 BEV  1,857 kg (4,094 lb)
    · 77kwh 340hp 4motion gtx limited edition    BEV  2,156 kg (4,753 lb)
    · 77kwh 340hp 4motion gtx business           BEV  2,156 kg (4,753 lb)
    · 77kwh 340hp 4motion gtx                    BEV  2,156 kg (4,753 lb)
    · 1 5 tsi 150hp r line edition               ICE  1,226 kg (2,703 lb)
    · 1 5 tsi 150hp r line business              ICE  1,226 kg (2,703 lb)
    · 1 5 tsi 150hp r line                       ICE  1,226 kg (2,703 lb)
    · shooting brake 2 0 tdi 200hp r line busine ICE  1,650 kg (3,638 lb)
    · shooting brake 2 0 tsi 190hp r line busine ICE  1,619 kg (3,569 lb)
    · shooting brake 1 4 tsi ehybrid r line busi PHEV 1,709 kg (3,768 lb)
    · 1 5 etsi 150hp r line edition              ICE  1,374 kg (3,029 lb)
    · 1 5 etsi 150hp style edition               ICE  1,374 kg (3,029 lb)
    · 1 5 etsi 150hp life edition                ICE  1,374 kg (3,029 lb)
    · 2 0 tdi highline edition                   ICE  1,415 kg (3,120 lb)
    · 2 0 tdi highline                           ICE  1,415 kg (3,120 lb)
    · 1 5 tsi act 150hp highline edition         ICE  1,320 kg (2,910 lb)
    · e transporter kombi l2h1 160kw 4motion lif BEV  2,454 kg (5,410 lb)
    · e transporter kombi l2h1 160kw 4motion     BEV  2,454 kg (5,410 lb)
    · e transporter kombi l2h1 160kw life 111590 BEV  2,285 kg (5,038 lb)
    · 2 0 tsi 220hp bmt sport 80383              ICE  1,345 kg (2,965 lb)
    · 2 0 tsi 220hp bmt sport 80382              ICE  1,320 kg (2,910 lb)
    · 2 0 tsi 210hp sport 73382                  ICE  1,339 kg (2,952 lb)
    · 1 0 tsi gti                                ICE  967 kg (2,132 lb)
    · 1 0 ecofuel                                ICE  970 kg (2,138 lb)
    · 1 0 r line 101573                          ICE  891 kg (1,964 lb)
    · 1 5 ehybrid 272hp r line edition           PHEV 1,790 kg (3,946 lb)
    · 1 5 ehybrid 272hp r line                   PHEV 1,790 kg (3,946 lb)
    · 1 5 ehybrid 204hp r line edition           PHEV 1,767 kg (3,896 lb)
    · kombi maxi 1 5 ehybrid limited edition     PHEV 1,894 kg (4,176 lb)
    · kombi maxi 1 5 ehybrid style               PHEV 1,894 kg (4,176 lb)
    · kombi maxi 1 5 ehybrid life                PHEV 1,888 kg (4,162 lb)
    · l2h1 1 5 ehybrid 4motion bulli edition     PHEV 2,285 kg (5,038 lb)
    · l2h1 1 5 ehybrid 4motion economy business  PHEV 2,285 kg (5,038 lb)
    · l1h1 1 5 ehybrid 4motion bulli edition     PHEV 2,330 kg (5,137 lb)
    · 2 0 tdi 190hp highline business r 93701    ICE  1,515 kg (3,340 lb)
    · 2 0 tdi 190hp highline business r 90622    ICE  1,515 kg (3,340 lb)
    · 2 0 tdi 190hp highline 95888               ICE  1,515 kg (3,340 lb)
    · 4 0 v8 tdi 422hp 4motion r line            ICE  2,210 kg (4,872 lb)
    · 4 0 v8 tdi 422hp 4motion atmosphere        ICE  2,210 kg (4,872 lb)
    · 4 0 v8 tdi 422hp 4motion elegance          ICE  2,210 kg (4,872 lb)
    · 2 0 16v tsi highline 50272                 ICE  1,366 kg (3,012 lb)
    · 2 0 16v tsi highline 50271                 ICE  1,348 kg (2,972 lb)
    · 2 0 16v tsi sportline 41005                ICE  1,366 kg (3,012 lb)
    · 2 0 tsi 272hp 4motion elegance business r  ICE  1,680 kg (3,704 lb)
    · 2 0 tdi 200hp r line business              ICE  1,586 kg (3,497 lb)
    · 2 0 tdi 190hp r line business              ICE  1,614 kg (3,558 lb)
    · 2 0 tsi gti edition 25                     ICE  1,272 kg (2,804 lb)
    · 2 0 tsi gti                                ICE  1,272 kg (2,804 lb)
    · 1 0 tsi 110hp r line business              ICE  1,107 kg (2,441 lb)
    · 1 5 etsi 150hp r line edition              ICE  1,340 kg (2,954 lb)
    · 1 5 tsi 150hp r line edition               ICE  1,317 kg (2,903 lb)
    · 1 5 etsi 150hp life edition                ICE  1,340 kg (2,954 lb)
  = volkswagen: 23 current models, 67 variants, 17 skipped(old), 0 errors
• dacia: 8 candidate models
    · hybrid g 150 4x4 limited edition           ICE  1,536 kg (3,386 lb)
    · hybrid g 150 4x4 extreme                   ICE  1,536 kg (3,386 lb)
    · mild hybrid 140 journey                    ICE  1,325 kg (2,921 lb)
    · eco g 120 limited edition 7p               ICE  1,354 kg (2,985 lb)
    · eco g 120 extreme 7p 111254                ICE  1,354 kg (2,985 lb)
    · eco g 120 extreme 7p 111253                ICE  1,321 kg (2,912 lb)
    · electric 100 extreme                       BEV  1,013 kg (2,233 lb)
    · electric 70 expression                     BEV  1,006 kg (2,218 lb)
    · electric 70 essential                      BEV  995 kg (2,194 lb)
    · tce 130 15th aniversary 7p                 ICE  1,218 kg (2,685 lb)
    · tce 130 15th aniversary 5p                 ICE  1,194 kg (2,632 lb)
    · tce 130 tech road 7p                       ICE  1,218 kg (2,685 lb)
    · hybrid g 150 4x4 limited edition           ICE  1,484 kg (3,272 lb)
    · hybrid g 150 4x4 extreme                   ICE  1,484 kg (3,272 lb)
    · mild hybrid 140 extreme                    ICE  1,302 kg (2,870 lb)
    · stepway tce 90 bi fuel laureate            ICE  1,061 kg (2,339 lb)
    · stepway tce 90 bi fuel ambiance            ICE  1,061 kg (2,339 lb)
    · stepway tce 90 laureate 86418              ICE  1,013 kg (2,233 lb)
  = dacia: 6 current models, 18 variants, 2 skipped(old), 0 errors
• kia: 32 candidate models
    · 42 2kwh plus advanced                      BEV  1,520 kg (3,351 lb)
    · 42 2kwh plus                               BEV  1,520 kg (3,351 lb)
    · 42 2kwh air                                BEV  1,520 kg (3,351 lb)
    · sportswagon 1 6 t gdi mhev gt plusline     ICE  1,440 kg (3,175 lb)
    · sportswagon 1 6 t gdi mhev gt line launch  ICE  1,440 kg (3,175 lb)
    · sportswagon 1 0 t gdi mhev gt plusline     ICE  1,405 kg (3,097 lb)
    · 81 4kwh gt plusline                        BEV  1,810 kg (3,990 lb)
    · 81 4kwh gt line                            BEV  1,810 kg (3,990 lb)
    · 81 4kwh gt line business edition           BEV  1,790 kg (3,946 lb)
    · 81 4 kwh gt plusline                       BEV  1,992 kg (4,392 lb)
    · 81 4 kwh gt line                           BEV  1,992 kg (4,392 lb)
    · 81 4 kwh gt line business edition          BEV  1,992 kg (4,392 lb)
    · passenger 71 2kwh elite executive          ICE  2,154 kg (4,749 lb)
    · passenger 71 2kwh elite                    ICE  2,154 kg (4,749 lb)
    · passenger 71 2kwh plus                     ICE  2,154 kg (4,749 lb)
    · 81 4kwh awd gt plusline                    BEV  1,895 kg (4,178 lb)
    · 81 4kwh awd gt line                        BEV  1,895 kg (4,178 lb)
    · 81 4kwh awd plus advanced                  BEV  1,895 kg (4,178 lb)
    · 99 8kwh awd dual motor gt 6 seater         BEV  2,548 kg (5,617 lb)
    · 99 8kwh awd dual motor gt                  BEV  2,464 kg (5,432 lb)
    · 99 8kwh awd dual motor gt line 6 seater    BEV  2,548 kg (5,617 lb)
    · 84kwh dual motor awd gt                    BEV  2,120 kg (4,674 lb)
    · 84kwh dual motor awd gt line               BEV  2,060 kg (4,542 lb)
    · 84kwh dual motor awd plus advanced         BEV  2,060 kg (4,542 lb)
    · 1 6 t gdi gt                               ICE  1,338 kg (2,950 lb)
    · 1 5 t gdi gt plusline 104473               ICE  1,325 kg (2,921 lb)
    · 1 5 t gdi gt plusline 104472               ICE  1,298 kg (2,862 lb)
    · 1 6 t gdi gt plusline                      ICE  1,317 kg (2,903 lb)
    · 1 5 t gdi gt plusline 106330               ICE  1,300 kg (2,866 lb)
    · 1 5 t gdi gt plusline 106329               ICE  1,270 kg (2,800 lb)
    · 3 3 twin turbo v6 awd gt pro               ICE  1,833 kg (4,041 lb)
    · 3 3 twin turbo v6 awd gt                   ICE  1,833 kg (4,041 lb)
    · 1 0 t gdi mhev gt line 111270              ICE  1,135 kg (2,502 lb)
    · 1 0 t gdi mhev gt line 111266              ICE  1,135 kg (2,502 lb)
    · 1 0 t gdi mhev executiveline 111269        ICE  1,135 kg (2,502 lb)
    · ev 64 8kwh executiveline                   BEV  1,653 kg (3,644 lb)
    · ev 64 8kwh launch edition                  BEV  1,653 kg (3,644 lb)
    · ev 64 8kwh plus advanced                   BEV  1,657 kg (3,653 lb)
    · sw 1 6 t gdi gt line                       ICE  1,470 kg (3,241 lb)
    · sw 1 6 t gdi dynamicplusline               ICE  1,470 kg (3,241 lb)
    · sw 2 0 gdi phev executiveline              PHEV 1,715 kg (3,781 lb)
    · e soul 64kwh executiveline 100750          BEV  1,657 kg (3,653 lb)
    · e soul 64kwh executiveline 97820           BEV  1,657 kg (3,653 lb)
    · e soul 64kwh dynamicplusline               BEV  1,657 kg (3,653 lb)
    · 1 6 t gdi gt 98267                         ICE  1,313 kg (2,895 lb)
    · 1 6 t gdi gt 98266                         ICE  1,286 kg (2,835 lb)
    · 1 5 t gdi gt plusline 102502               ICE  1,260 kg (2,778 lb)
    · 1 0 t gdi x line                           ICE  920 kg (2,028 lb)
    · 1 0 t gdi gt line                          ICE  920 kg (2,028 lb)
    · 1 2 cvvt dynamicplusline                   ICE  859 kg (1,894 lb)
    · 1 6 t gdi plug in hybrid 4wd executiveline PHEV 1,915 kg (4,222 lb)
    · 1 6 t gdi plug in hybrid 4wd edition       PHEV 1,915 kg (4,222 lb)
    · 1 6 t gdi plug in hybrid 4wd dynamicplusli PHEV 1,915 kg (4,222 lb)
    · 1 0 t gdi 120hp executiveline              ICE  1,060 kg (2,337 lb)
    · 1 0 t gdi 120hp gt line                    ICE  1,065 kg (2,348 lb)
    · 1 0 t gdi 120hp dynamicplusline            ICE  1,095 kg (2,414 lb)
    · 2 0 cvvt awd super pack 67825              ICE  1,444 kg (3,183 lb)
    · 2 0 cvvt awd super pack 67824              ICE  1,425 kg (3,142 lb)
    · 2 0 cvvt awd x clusive 57051               ICE  1,444 kg (3,183 lb)
  = kia: 20 current models, 59 variants, 12 skipped(old), 0 errors
• hyundai: 35 candidate models
    · 110 3kwh awd lounge 110723                 BEV  2,644 kg (5,829 lb)
    · 110 3kwh awd lounge 110722                 BEV  2,628 kg (5,794 lb)
    · 110 3kwh awd connect 110721                BEV  2,628 kg (5,794 lb)
    · 49kwh cross sky plus                       BEV  1,318 kg (2,906 lb)
    · 49kwh evolve sky plus                      BEV  1,318 kg (2,906 lb)
    · 49kwh evolve sky                           BEV  1,318 kg (2,906 lb)
    · 77 4kwh 4wd first edition                  BEV  2,020 kg (4,453 lb)
    · 77 4kwh 4wd lounge                         BEV  2,020 kg (4,453 lb)
    · 77 4kwh 4wd connect                        BEV  2,020 kg (4,453 lb)
    · 1 0 t gdi 100hp premium sky 109602         ICE  1,145 kg (2,524 lb)
    · 1 0 t gdi 100hp premium sky 109601         ICE  1,120 kg (2,469 lb)
    · 1 0 t gdi 100hp premium 109600             ICE  1,145 kg (2,524 lb)
    · 84kwh n awd                                BEV  2,225 kg (4,905 lb)
    · 84kwh awd n line                           BEV  2,085 kg (4,597 lb)
    · 84kwh awd lounge                           BEV  2,075 kg (4,575 lb)
    · fcev plus                                  ICE  1,855 kg (4,090 lb)
    · fcev                                       ICE  1,855 kg (4,090 lb)
    · 1 0 t gdi 48v comfort 107047               ICE  1,320 kg (2,910 lb)
    · 1 0 t gdi 48v i motion 107043              ICE  1,320 kg (2,910 lb)
    · 1 6 gdi hev n line sky 107052              ICE  1,410 kg (3,109 lb)
    · electric premium design sky                BEV  1,502 kg (3,311 lb)
    · electric premium sky                       BEV  1,502 kg (3,311 lb)
    · electric premium design                    ICE  —
    · 1 0 t gdi n line 5 seater 108010           ICE  1,099 kg (2,423 lb)
    · 1 0 t gdi n line 5 seater 109557           ICE  1,099 kg (2,423 lb)
    · 1 0i premium 108009                        ICE  899 kg (1,982 lb)
    · 1 0 t gdi n line 104052                    ICE  1,090 kg (2,403 lb)
    · 1 0 t gdi premium sky 101561               ICE  1,090 kg (2,403 lb)
    · 1 0 t gdi premium sky 101560               ICE  1,065 kg (2,348 lb)
    · 2 0i cvvt i catcher 46078                  ICE  1,242 kg (2,738 lb)
    · 2 0i cvvt i catcher 46079                  ICE  1,227 kg (2,705 lb)
    · 2 0i cvvt styleversion 46064               ICE  1,242 kg (2,738 lb)
    · 2 0 crdi hp 4wd premium                    ICE  1,515 kg (3,340 lb)
    · 2 0 crdi hp 4wd comfort                    ICE  1,515 kg (3,340 lb)
    · 2 0 crdi hp 4wd i motion                   ICE  1,515 kg (3,340 lb)
    · 2 2 crdi r 4wd i catcher 69532             ICE  1,782 kg (3,929 lb)
    · 2 2 crdi r 4wd i catcher 69531             ICE  1,743 kg (3,843 lb)
    · 2 2 crdi r 4wd business edition 73627      ICE  1,782 kg (3,929 lb)
    · 2 5i v6 24v gls luxe                       ICE  1,311 kg (2,890 lb)
    · 2 5i v6 24v gls 16590                      ICE  1,311 kg (2,890 lb)
    · 2 5i v6 24v gls 16589                      ICE  1,311 kg (2,890 lb)
  = hyundai: 14 current models, 41 variants, 21 skipped(old), 0 errors
• ford: 42 candidate models
    · 2 7 ecoboost v6 badlands                   ICE  2,243 kg (4,945 lb)
    · 2 7 ecoboost v6 outer banks                ICE  2,114 kg (4,661 lb)
    · extended range awd premium                 BEV  2,067 kg (4,557 lb)
    · extended range awd collection              BEV  2,067 kg (4,557 lb)
    · extended range awd select                  BEV  2,067 kg (4,557 lb)
    · 98kwh awd rally                            BEV  2,254 kg (4,969 lb)
    · 98kwh awd gt 110612                        BEV  2,251 kg (4,963 lb)
    ! https://cars-data.com/en/ford/mustang-mach-e/2021/98kwh-awd-gt-103595--103595: Page.goto: Timeout 45000ms exceeded.
Call log:
  - navigating to "https://cars-data.com/en/ford/mustang-mach-e/2021/98kwh-awd-gt-103595--103595/specs", waiting until "networkidle"

    · 2 0 ecoblue st line                        ICE  2,016 kg (4,445 lb)
    · 1 2 active                                 ICE  966 kg (2,130 lb)
    · 1 2 trend ultimate white                   ICE  966 kg (2,130 lb)
    · 1 2 trend ultimate black                   ICE  966 kg (2,130 lb)
    · 1 0 ecoboost 125hp st line black 96260     ICE  1,291 kg (2,846 lb)
    · 1 0 ecoboost 125hp st line black 95121     ICE  1,249 kg (2,754 lb)
    · 1 0 ecoboost 125hp st line 96259           ICE  1,291 kg (2,846 lb)
    · 1 0 ecoboost 125hp limited                 ICE  1,261 kg (2,780 lb)
    · 1 5 tdci limited                           ICE  1,291 kg (2,846 lb)
    · 1 5 tdci trend                             ICE  1,291 kg (2,846 lb)
    · l2h1 185hp titanium x 100631               ICE  2,365 kg (5,214 lb)
    · l2h1 185hp titanium x 100629               ICE  2,317 kg (5,108 lb)
    · l1h1 185hp titanium x 100630               ICE  2,337 kg (5,152 lb)
    · 1 0 ecoboost 125hp titanium                ICE  1,179 kg (2,599 lb)
    · 1 0 ecoboost 120hp titanium                ICE  1,179 kg (2,599 lb)
    · 1 6 ti vct titanium                        ICE  1,208 kg (2,663 lb)
    · e transit l4h3 198kw trend                 ICE  —
    · e transit l3h2 198kw trend                 ICE  —
    · e transit l2h2 198kw trend                 ICE  —
    · tourneo l2h1 2 5 phev limited x            PHEV 2,367 kg (5,218 lb)
    · tourneo l2h1 2 5 phev limited              PHEV 2,426 kg (5,348 lb)
    · kombi l2h1 2 5 phev limited                PHEV 2,315 kg (5,104 lb)
    · super cab 2 0 ecoblue wildtrak             ICE  2,165 kg (4,773 lb)
    · super cab 2 0 ecoblue xlt                  ICE  2,074 kg (4,572 lb)
    · super cab 2 0 ecoblue xl                   ICE  2,034 kg (4,484 lb)
    · 2 5 phev vignale                           PHEV 1,744 kg (3,845 lb)
    · 2 5 phev graphite tech edition             PHEV 1,744 kg (3,845 lb)
    · 2 5 phev st line x                         PHEV 1,744 kg (3,845 lb)
    · 210 l2 1 5 ecoblue 120hp trend 96831       ICE  1,524 kg (3,360 lb)
    · 210 l2 1 5 ecoblue 120hp trend 96830       ICE  1,513 kg (3,336 lb)
    · 200 l1 1 5 ecoblue 120hp trend 96829       ICE  1,472 kg (3,245 lb)
    · 2 0 ecoboost vignale                       ICE  1,648 kg (3,633 lb)
    · 2 0 ecoboost st line                       ICE  1,648 kg (3,633 lb)
    · 2 0 ecoboost titanium                      ICE  1,648 kg (3,633 lb)
    · focus c max 2 0 16v titanium 41429         ICE  1,355 kg (2,987 lb)
    · focus c max 2 0 16v titanium 41430         ICE  1,341 kg (2,956 lb)
    · focus c max 2 0 16v sport                  ICE  1,341 kg (2,956 lb)
    · wagon 2 3 ecoboost st 3 99015              ICE  1,368 kg (3,016 lb)
    · wagon 2 3 ecoboost st 3 97492              ICE  1,368 kg (3,016 lb)
    · wagon 1 5 ecoboost 182hp st line business  ICE  1,308 kg (2,884 lb)
    · gen e bluecruise edition                   BEV  1,463 kg (3,225 lb)
    · gen e sound edition                        BEV  1,463 kg (3,225 lb)
    · gen e premium                              BEV  1,463 kg (3,225 lb)
    · 3 0 v6 ecoboost phev st line               PHEV 2,466 kg (5,437 lb)
    · 2 0 ecoboost titanium                      ICE  1,633 kg (3,600 lb)
    · 2 0 tdci awd 180hp titanium                ICE  1,741 kg (3,838 lb)
    · 1 5 ecoboost titanium                      ICE  1,608 kg (3,545 lb)
    · fastback dark horse 5 0 v8 108361          ICE  1,737 kg (3,829 lb)
    · fastback dark horse 5 0 v8 108360          ICE  1,737 kg (3,829 lb)
    · fastback gt 5 0 v8 108355                  ICE  1,736 kg (3,827 lb)
    · 2 0 ecoblue titanium 97078                 ICE  1,535 kg (3,384 lb)
    · 2 0 ecoblue titanium 97076                 ICE  1,515 kg (3,340 lb)
    · extended range awd premium                 BEV  2,190 kg (4,828 lb)
    · extended range awd collection              BEV  2,174 kg (4,793 lb)
    · extended range awd select                  BEV  2,174 kg (4,793 lb)
    · 1 5 ecoboost st x                          ICE  1,205 kg (2,657 lb)
    · 1 0 ecoboost 125hp hybrid active vignale   ICE  1,176 kg (2,593 lb)
    · 1 0 ecoboost 125hp hybrid active x 104349  ICE  1,176 kg (2,593 lb)
  = ford: 24 current models, 65 variants, 18 skipped(old), 1 errors
• bmw: 33 candidate models
    · m60 xdrive touring 110403                  BEV  2,325 kg (5,126 lb)
    · m60 xdrive touring 108389                  BEV  2,325 kg (5,126 lb)
    ! https://cars-data.com/en/bmw/i5/2024/xdrive40-touring-110402--110402: Page.goto: Timeout 45000ms exceeded.
Call log:
  - navigating to "https://cars-data.com/en/bmw/i5/2024/xdrive40-touring-110402--110402/specs", waiting until "networkidle"

    · xdrive30 m sport edition 111668            BEV  1,995 kg (4,398 lb)
    · xdrive30 111667                            BEV  1,995 kg (4,398 lb)
    · xdrive30 m sport edition 110565            BEV  1,995 kg (4,398 lb)
    · label 110879                               BEV  2,695 kg (5,941 lb)
    · label red                                  BEV  2,695 kg (5,941 lb)
    · label 111698                               BEV  2,725 kg (6,008 lb)
    · m70 xdrive                                 BEV  2,670 kg (5,886 lb)
    · xdrive60 privilege edition                 BEV  2,615 kg (5,765 lb)
    · xdrive60                                   BEV  2,615 kg (5,765 lb)
    · xdrive30 m sport edition 111664            BEV  1,985 kg (4,376 lb)
    · xdrive30 111663                            BEV  1,985 kg (4,376 lb)
    · xdrive30 m sport edition 110563            BEV  1,985 kg (4,376 lb)
    · m60                                        BEV  2,185 kg (4,817 lb)
    · m50                                        BEV  2,215 kg (4,883 lb)
    · xdrive40                                   BEV  2,050 kg (4,519 lb)
    · m70                                        BEV  2,555 kg (5,633 lb)
    · xdrive60                                   BEV  2,480 kg (5,467 lb)
    · xdrive45                                   BEV  2,425 kg (5,346 lb)
    · 50 xdrive                                  BEV  2,260 kg (4,982 lb)
    · 40 edrive                                  BEV  2,200 kg (4,850 lb)
    · m60i xdrive                                ICE  2,575 kg (5,677 lb)
    · xdrive40i                                  ICE  2,390 kg (5,269 lb)
    · xdrive40d                                  ICE  2,465 kg (5,434 lb)
    · m35i                                       ICE  1,670 kg (3,682 lb)
    · xdrive20d                                  ICE  1,705 kg (3,759 lb)
    · sdrive20d                                  ICE  1,635 kg (3,605 lb)
    · 640d xdrive gran turismo                   ICE  1,985 kg (4,376 lb)
    · 640i xdrive gran turismo                   ICE  1,885 kg (4,156 lb)
    · 640i gran turismo                          ICE  1,830 kg (4,034 lb)
    · m235 xdrive gran coupe                     ICE  1,550 kg (3,417 lb)
    · 223 xdrive gran coupe                      ICE  1,425 kg (3,142 lb)
    · 220 gran coupe m sport design edition      ICE  1,425 kg (3,142 lb)
    · 223i xdrive active tourer                  ICE  1,590 kg (3,505 lb)
    · 223i active tourer                         ICE  1,520 kg (3,351 lb)
    · 223d xdrive active tourer                  ICE  1,630 kg (3,594 lb)
    · roadster                                   BEV  1,570 kg (3,461 lb)
    · m                                          ICE  1,945 kg (4,288 lb)
    · m40i                                       ICE  1,895 kg (4,178 lb)
    · m40d                                       ICE  1,995 kg (4,398 lb)
    · m440i xdrive gran coupe 111299             ICE  1,835 kg (4,045 lb)
    · m440i xdrive gran coupe 109102             ICE  1,800 kg (3,968 lb)
    · 430d xdrive gran coupe                     ICE  1,820 kg (4,012 lb)
    · 94ah carbon edition                        BEV  1,220 kg (2,690 lb)
    · 94ah performance lease edition             BEV  1,220 kg (2,690 lb)
    ! https://cars-data.com/en/bmw/i3/i01/94ah-high-voltage-edition--89009: Page.goto: Timeout 45000ms exceeded.
Call log:
  - navigating to "https://cars-data.com/en/bmw/i3/i01/94ah-high-voltage-edition--89009/specs", waiting until "networkidle"

    · m35i xdrive                                ICE  1,640 kg (3,616 lb)
    · xdrive23i                                  ICE  1,630 kg (3,594 lb)
    · xdrive23d                                  ICE  1,665 kg (3,671 lb)
    · m competition                              ICE  2,345 kg (5,170 lb)
    · m60i xdrive                                ICE  2,290 kg (5,049 lb)
    ! https://cars-data.com/en/bmw/x6/2023/xdrive40i--106923: Page.goto: Timeout 45000ms exceeded.
Call log:
  - navigating to "https://cars-data.com/en/bmw/x6/2023/xdrive40i--106923/specs", waiting until "networkidle"

    · m135 xdrive                                ICE  1,525 kg (3,362 lb)
    · 123 xdrive                                 ICE  1,505 kg (3,318 lb)
    · 120 m sport design edition                 ICE  1,400 kg (3,086 lb)
    · m50 xdrive                                 ICE  1,955 kg (4,310 lb)
    · 40d xdrive                                 ICE  1,950 kg (4,299 lb)
    · 20d xdrive                                 ICE  1,865 kg (4,112 lb)
    · roadster m40i 110878                       ICE  1,525 kg (3,362 lb)
    · roadster m40i 106431                       ICE  1,540 kg (3,395 lb)
    · roadster sdrive30i                         ICE  1,445 kg (3,186 lb)
    · m competition                              ICE  2,375 kg (5,236 lb)
    · m60i xdrive                                ICE  2,320 kg (5,115 lb)
    · xdrive40i                                  ICE  2,140 kg (4,718 lb)
    · m8 competition cabrio                      ICE  2,000 kg (4,409 lb)
    · m8 cabrio                                  ICE  2,000 kg (4,409 lb)
    · m850i xdrive cabrio                        ICE  2,025 kg (4,464 lb)
    · m760e xdrive                               BEV  2,425 kg (5,346 lb)
    · 750e xdrive                                BEV  2,355 kg (5,192 lb)
    · 740d xdrive                                ICE  2,155 kg (4,751 lb)
    · m3 xdrive cs touring                       ICE  1,825 kg (4,023 lb)
    · m3 xdrive competition touring 109042       ICE  1,865 kg (4,112 lb)
    · m3 xdrive competition touring 106416       ICE  1,865 kg (4,112 lb)
    · m5 touring 109683                          BEV  2,450 kg (5,401 lb)
    · m5 touring 111697                          BEV  2,480 kg (5,467 lb)
    · 550e xdrive touring                        BEV  2,185 kg (4,817 lb)
  = bmw: 27 current models, 75 variants, 6 skipped(old), 3 errors
• mercedes-benz: 47 candidate models
    · t 180 d l1                                 ICE  1,563 kg (3,446 lb)
    · t 180 l2                                   ICE  1,563 kg (3,446 lb)
    · t 180 l1                                   ICE  1,481 kg (3,265 lb)
    · 53 amg 4matic cabriolet                    ICE  2,035 kg (4,486 lb)
    · 450 4matic amg line cabriolet              ICE  1,905 kg (4,200 lb)
    · 300 4matic amg line cabriolet              ICE  1,810 kg (3,990 lb)
    · 53 amg 4matic                              BEV  2,590 kg (5,710 lb)
    · 43 amg 4matic night edition                BEV  2,500 kg (5,512 lb)
    · 43 amg 4matic                              BEV  2,500 kg (5,512 lb)
    · 200 l2                                     BEV  1,944 kg (4,286 lb)
    · 200 l1                                     BEV  1,836 kg (4,048 lb)
    · 53 amg 4matic                              BEV  2,440 kg (5,379 lb)
    · 43 amg 4matic night edition                BEV  2,435 kg (5,368 lb)
    · 43 amg 4matic                              BEV  2,435 kg (5,368 lb)
    · 680 4matic maybach                         BEV  2,670 kg (5,886 lb)
    · 580 4matic amg line 108000                 BEV  2,670 kg (5,886 lb)
    · 580 4matic amg line 106347                 BEV  2,635 kg (5,809 lb)
    · 350 4matic business solution amg           BEV  2,005 kg (4,420 lb)
    · 350 4matic business solution luxury        BEV  2,005 kg (4,420 lb)
    · 350 4matic amg line 109497                 BEV  2,010 kg (4,431 lb)
    · 350 4matic amg line 109498                 BEV  2,065 kg (4,553 lb)
    · 350 4matic amg line 107909                 BEV  2,065 kg (4,553 lb)
    · 350 4matic amg line 104822                 BEV  2,100 kg (4,630 lb)
    · 580 4matic amg line                        BEV  2,555 kg (5,633 lb)
    · 580 4matic                                 BEV  2,555 kg (5,633 lb)
    · 500 4matic amg line                        BEV  2,560 kg (5,644 lb)
    · 300 extra long                             BEV  2,585 kg (5,699 lb)
    · 300 long                                   BEV  2,535 kg (5,589 lb)
    · 35 amg 4matic                              ICE  1,695 kg (3,737 lb)
    · 250 4matic amg line                        ICE  1,630 kg (3,594 lb)
    · 220 4matic amg line                        ICE  1,630 kg (3,594 lb)
    · 400 4matic amg line                        BEV  2,395 kg (5,280 lb)
    · 400 4matic luxury line                     BEV  2,395 kg (5,280 lb)
    · 400 4matic business line                   BEV  2,395 kg (5,280 lb)
    · amg gt 63 s e performance                  BEV  2,280 kg (5,027 lb)
    · amg gt 63 s 4matic 106551                  ICE  1,935 kg (4,266 lb)
    · amg gt 63 s 4matic 95149                   ICE  1,920 kg (4,233 lb)
    · x 350 d 4matic power                       ICE  2,185 kg (4,817 lb)
    ! https://cars-data.com/en/mercedes-benz/x-class/2018/x-350-d-4matic-progressive--95138: Page.goto: Timeout 45000ms exceeded.
Call log:
  - navigating to "https://cars-data.com/en/mercedes-benz/x-class/2018/x-350-d-4matic-progressive--95138/specs", waiting until "networkidle"

    · x 250 d 4matic power 95145                 ICE  2,134 kg (4,705 lb)
    · 63 amg e performance night edition         BEV  2,210 kg (4,872 lb)
    · 63 amg e performance                       BEV  2,210 kg (4,872 lb)
    · 55 amg 4matic                              ICE  1,865 kg (4,112 lb)
    · 63 amg s 4matic                            ICE  2,395 kg (5,280 lb)
    · 53 amg phev 4matic night edition           PHEV 2,700 kg (5,952 lb)
    · 53 amg phev 4matic                         PHEV 2,700 kg (5,952 lb)
    · 63 amg 4matic                              ICE  2,600 kg (5,732 lb)
    · maybach gls 600 4matic                     ICE  2,715 kg (5,986 lb)
    · 580 4matic amg line                        ICE  2,540 kg (5,600 lb)
    · 63 s e performance night edition           BEV  2,020 kg (4,453 lb)
    · 63 s e performance                         BEV  2,020 kg (4,453 lb)
    · 63 pro 4matic                              ICE  1,850 kg (4,079 lb)
    · 45 s amg 4matic                            ICE  1,665 kg (3,671 lb)
    · 45 amg 4matic                              ICE  1,645 kg (3,627 lb)
    · 35 amg 4matic                              ICE  1,557 kg (3,433 lb)
    · 45 amg s 4matic shooting brake             ICE  1,645 kg (3,627 lb)
    · 35 amg 4matic shooting brake               ICE  1,605 kg (3,538 lb)
    · 250 4matic shooting brake amg line         ICE  1,475 kg (3,252 lb)
    · l1 113 pro 105795                          ICE  1,381 kg (3,045 lb)
    · l1 113 pro 104800                          ICE  1,381 kg (3,045 lb)
    · l1 113 base 105794                         ICE  1,381 kg (3,045 lb)
    · esprinter 312 l2                           BEV  2,460 kg (5,423 lb)
    · esprinter gb l2                            BEV  2,460 kg (5,423 lb)
    · evito extra long                           BEV  2,721 kg (5,999 lb)
    · evito long                                 BEV  2,696 kg (5,944 lb)
    · b 250 4matic amg line                      ICE  1,455 kg (3,208 lb)
    · b 250 4matic                               ICE  1,455 kg (3,208 lb)
    · b 250 amg line                             ICE  1,395 kg (3,075 lb)
    · 53 amg 4matic                              ICE  1,880 kg (4,145 lb)
    · 450 4matic                                 ICE  1,840 kg (4,057 lb)
    · 400 d 4matic 93442                         ICE  1,835 kg (4,045 lb)
    · ml 63 amg                                  ICE  —
    · ml 500 4matic                              ICE  2,135 kg (4,707 lb)
    · ml 400 4matic                              ICE  2,030 kg (4,475 lb)
    · a 35 amg 4matic                            ICE  1,480 kg (3,263 lb)
    · a 250 4matic amg line                      ICE  1,415 kg (3,120 lb)
    · a 220 4matic amg line                      ICE  1,410 kg (3,109 lb)
    · 55 amg                                     ICE  1,510 kg (3,329 lb)
    · 350                                        ICE  1,440 kg (3,175 lb)
    · 300                                        ICE  1,405 kg (3,097 lb)
    · v 300 d extra long exclusive               ICE  2,369 kg (5,223 lb)
    · v 300 d extra long avantgarde              ICE  2,369 kg (5,223 lb)
    · v 300 d extra long style                   ICE  2,298 kg (5,066 lb)
    · c 63 s amg e performance 4matic estate nig BEV  2,090 kg (4,608 lb)
    · c 63 s amg e performance 4matic estate     BEV  2,090 kg (4,608 lb)
    · c 43 amg 4matic estate                     ICE  1,710 kg (3,770 lb)
    · e 53 amg 4matic edition 1 estate           ICE  2,335 kg (5,148 lb)
    · e 53 amg 4matic night edition estate       ICE  2,335 kg (5,148 lb)
    · e 53 amg 4matic estate                     ICE  2,335 kg (5,148 lb)
    · g 63 amg                                   ICE  2,540 kg (5,600 lb)
    · g 500                                      ICE  2,385 kg (5,258 lb)
    · g 450 d                                    ICE  2,455 kg (5,412 lb)
    · s 63 amg e performance long                BEV  2,420 kg (5,335 lb)
    · s 580 4matic long                          ICE  2,015 kg (4,442 lb)
    · s 580 4matic                               ICE  1,995 kg (4,398 lb)
    · 63 amg s e performance night edition       BEV  2,095 kg (4,619 lb)
    · 63 amg s e performance                     BEV  2,095 kg (4,619 lb)
    · 680 maybach monogram series                ICE  1,950 kg (4,299 lb)
  = mercedes-benz: 34 current models, 97 variants, 13 skipped(old), 1 errors
• nissan: 42 candidate models
    · evalia ev tekna                            BEV  2,062 kg (4,546 lb)
    · evalia ev n connecta                       BEV  2,062 kg (4,546 lb)
    · evalia ev urban city                       BEV  2,062 kg (4,546 lb)
    · e 4orce 87kwh performance                  BEV  2,184 kg (4,815 lb)
    · e 4orce 87kwh advantage edition plus perfo BEV  2,184 kg (4,815 lb)
    · e 4orce 87kwh evolve 107502                BEV  2,184 kg (4,815 lb)
    · l3h2 2 3 dci 180 n connecta                ICE  2,066 kg (4,555 lb)
    · l2h2 2 3 dci 180 n connecta                ICE  1,971 kg (4,345 lb)
    · l4h3 2 3 dci 165 acenta                    ICE  2,460 kg (5,423 lb)
    · l2h1 2900 1 6 dci 145 optima               ICE  1,760 kg (3,880 lb)
    · l2h1 2900 1 6 dci 145 acenta               ICE  1,760 kg (3,880 lb)
    · l2h1 2700 1 6 dci 145 optima               ICE  1,760 kg (3,880 lb)
    · l2h1 170 n connecta                        ICE  1,849 kg (4,076 lb)
    · l2h1 150 n connecta                        ICE  1,824 kg (4,021 lb)
    · l2h1 150 acenta 106144                     ICE  1,849 kg (4,076 lb)
    · dig t 117 tekna 98969                      ICE  1,157 kg (2,551 lb)
    · dig t 117 tekna 98968                      ICE  1,157 kg (2,551 lb)
    · dig t 117 n design 98971                   ICE  1,157 kg (2,551 lb)
    · e tekna                                    BEV  1,605 kg (3,538 lb)
    · e n connecta                               BEV  1,605 kg (3,538 lb)
    · e business executive                       BEV  1,605 kg (3,538 lb)
    · np300 navara double cab 2 3 dci 190 tekna  ICE  2,210 kg (4,872 lb)
    · np300 navara double cab 2 3 dci 190 tekna  ICE  2,210 kg (4,872 lb)
    · np300 navara double cab 2 3 dci 190 n guar ICE  2,210 kg (4,872 lb)
    · e power tekna plus 111094                  ICE  1,562 kg (3,444 lb)
    · e power tekna 111093                       ICE  1,562 kg (3,444 lb)
    · e power n design 111092                    ICE  1,562 kg (3,444 lb)
    · e 4orce 4wd tekna plus 7 seats             ICE  1,886 kg (4,158 lb)
    · e 4orce 4wd tekna plus                     ICE  1,833 kg (4,041 lb)
    · e 4orce 4wd tekna 7 seats                  ICE  1,886 kg (4,158 lb)
    · van 3 0 dci v6 le                          ICE  2,185 kg (4,817 lb)
    · van 2 5 dci le 69084                       ICE  2,140 kg (4,718 lb)
    ! https://cars-data.com/en/nissan/pathfinder/r52/van-2-5-dci-le-69085--69085: Page.goto: Timeout 45000ms exceeded.
Call log:
  - navigating to "https://cars-data.com/en/nissan/pathfinder/r52/van-2-5-dci-le-69085--69085/specs", waiting until "networkidle"

    · extended range evolve                      BEV  1,452 kg (3,201 lb)
    · extended range advance business edition    BEV  1,452 kg (3,201 lb)
    · extended range advance                     BEV  1,452 kg (3,201 lb)
  = nissan: 12 current models, 35 variants, 30 skipped(old), 1 errors
• renault: 43 candidate models
    · 4x4 plug in hybrid 300 atelier alpine      PHEV —
    · 4x4 plug in hybrid 300 esprit alpine       PHEV —
    · hybrid 200 esprit alpine                   ICE  1,653 kg (3,644 lb)
    · mild hybrid 140 esprit alpine              ICE  1,281 kg (2,824 lb)
    · mild hybrid 140 techno                     ICE  1,281 kg (2,824 lb)
    · full hybrid 160 iconic                     ICE  1,365 kg (3,009 lb)
    · mild hybrid 160 iconic esprit alpine       ICE  1,433 kg (3,159 lb)
    · mild hybrid 160 techno                     ICE  1,433 kg (3,159 lb)
    · mild hybrid 150 iconic esprit alpine       ICE  1,433 kg (3,159 lb)
    · e tech hybrid 145 esprit alpine            ICE  1,410 kg (3,109 lb)
    · e tech hybrid 145 techno                   ICE  1,410 kg (3,109 lb)
    · e tech hybrid 145 evolution                ICE  1,410 kg (3,109 lb)
    · tce 100 comfort 104331                     ICE  1,198 kg (2,641 lb)
    · tce 100 comfort 104328                     ICE  1,198 kg (2,641 lb)
    · tce 100 generique                          ICE  1,193 kg (2,630 lb)
